c:\users\berna\onedrive\escritorio\joc2d\2dgame\02-bubble\02-bubble\debug\vc143.pdb
c:\users\berna\onedrive\escritorio\joc2d\2dgame\02-bubble\02-bubble\debug\vc143.idb
c:\users\berna\onedrive\escritorio\joc2d\2dgame\02-bubble\02-bubble\debug\tilemap.obj
c:\users\berna\onedrive\escritorio\joc2d\2dgame\02-bubble\02-bubble\debug\texture.obj
c:\users\berna\onedrive\escritorio\joc2d\2dgame\02-bubble\02-bubble\debug\start.obj
c:\users\berna\onedrive\escritorio\joc2d\2dgame\02-bubble\02-bubble\debug\sprite.obj
c:\users\berna\onedrive\escritorio\joc2d\2dgame\02-bubble\02-bubble\debug\shaderprogram.obj
c:\users\berna\onedrive\escritorio\joc2d\2dgame\02-bubble\02-bubble\debug\shader.obj
c:\users\berna\onedrive\escritorio\joc2d\2dgame\02-bubble\02-bubble\debug\scene.obj
c:\users\berna\onedrive\escritorio\joc2d\2dgame\02-bubble\02-bubble\debug\projectil.obj
c:\users\berna\onedrive\escritorio\joc2d\2dgame\02-bubble\02-bubble\debug\player.obj
c:\users\berna\onedrive\escritorio\joc2d\2dgame\02-bubble\02-bubble\debug\planta.obj
c:\users\berna\onedrive\escritorio\joc2d\2dgame\02-bubble\02-bubble\debug\main.obj
c:\users\berna\onedrive\escritorio\joc2d\2dgame\02-bubble\02-bubble\debug\gui.obj
c:\users\berna\onedrive\escritorio\joc2d\2dgame\02-bubble\02-bubble\debug\game.obj
c:\users\berna\onedrive\escritorio\joc2d\2dgame\02-bubble\02-bubble\debug\florecita.obj
c:\users\berna\onedrive\escritorio\joc2d\2dgame\02-bubble\02-bubble\debug\boles.obj
c:\users\berna\onedrive\escritorio\joc2d\2dgame\02-bubble\02-bubble\debug\02-bubble.ilk
c:\users\berna\onedrive\escritorio\joc2d\2dgame\02-bubble\debug\02-bubble.pdb
c:\users\berna\onedrive\escritorio\joc2d\2dgame\02-bubble\debug\02-bubble.exe
c:\users\berna\onedrive\escritorio\joc2d\2dgame\02-bubble\02-bubble\debug\02-bubble.tlog\cl.command.1.tlog
c:\users\berna\onedrive\escritorio\joc2d\2dgame\02-bubble\02-bubble\debug\02-bubble.tlog\cl.items.tlog
c:\users\berna\onedrive\escritorio\joc2d\2dgame\02-bubble\02-bubble\debug\02-bubble.tlog\cl.read.1.tlog
c:\users\berna\onedrive\escritorio\joc2d\2dgame\02-bubble\02-bubble\debug\02-bubble.tlog\cl.write.1.tlog
c:\users\berna\onedrive\escritorio\joc2d\2dgame\02-bubble\02-bubble\debug\02-bubble.tlog\link.command.1.tlog
c:\users\berna\onedrive\escritorio\joc2d\2dgame\02-bubble\02-bubble\debug\02-bubble.tlog\link.read.1.tlog
c:\users\berna\onedrive\escritorio\joc2d\2dgame\02-bubble\02-bubble\debug\02-bubble.tlog\link.secondary.1.tlog
c:\users\berna\onedrive\escritorio\joc2d\2dgame\02-bubble\02-bubble\debug\02-bubble.tlog\link.write.1.tlog
